<?xml version="1.0" encoding="UTF-8"?>
<!-- Generated by org.testng.reporters.JUnitReportReporter -->
<testsuite hostname="LAPTOP-KHONK8Q1" failures="0" tests="1" name="Amazon.Project_On_Amazon.Tc14_Amz_Verify_Review_Order" time="37.470" errors="0" timestamp="2024-04-15T13:47:13 IST" skipped="0">
  <testcase classname="Amazon.Project_On_Amazon.Tc14_Amz_Verify_Review_Order" name="tc14_Amz_Verify_Review_Order_card" time="37.470"/>
  <system-out>
    <![CDATA[Test case is started
Entered a Valid User name and Password
clicked on countinue button
Entered a valid Password
click on the sign-in button
Test case is success]]>
  </system-out>
</testsuite> <!-- Amazon.Project_On_Amazon.Tc14_Amz_Verify_Review_Order -->
