<?xml version="1.0" encoding="UTF-8"?>
<!-- Generated by org.testng.reporters.JUnitReportReporter -->
<testsuite hostname="LAPTOP-KHONK8Q1" failures="0" tests="3" name="Amazon.Project_On_Amazon.Tc1_Amz_New_Registration" time="99.134" errors="0" timestamp="2024-04-14T16:21:42 IST" skipped="0">
  <testcase classname="Amazon.Project_On_Amazon.Tc1_Amz_New_Registration" name="tc1_Amz_New_Registration_new_user" time="31.038"/>
  <system-out/>
  <testcase classname="Amazon.Project_On_Amazon.Tc1_Amz_New_Registration" name="tc1_Amz_New_Registration_new_user" time="38.603"/>
  <system-out/>
  <testcase classname="Amazon.Project_On_Amazon.Tc1_Amz_New_Registration" name="tc1_Amz_New_Registration_new_user" time="29.493"/>
  <system-out/>
</testsuite> <!-- Amazon.Project_On_Amazon.Tc1_Amz_New_Registration -->
