<?xml version="1.0" encoding="UTF-8"?>
<!-- Generated by org.testng.reporters.JUnitReportReporter -->
<testsuite hostname="LAPTOP-KHONK8Q1" failures="0" tests="1" name="Amazon.Project_On_Amazon.Amz_Verify_With_INvalid_Credential" time="10.984" errors="0" timestamp="2024-03-10T14:37:28 IST" skipped="0">
  <testcase classname="Amazon.Project_On_Amazon.Amz_Verify_With_INvalid_Credential" name="invaild_Credentials" time="10.984"/>
  <system-out/>
</testsuite> <!-- Amazon.Project_On_Amazon.Amz_Verify_With_INvalid_Credential -->
