<?xml version="1.0" encoding="UTF-8"?>
<!-- Generated by org.testng.reporters.JUnitReportReporter -->
<testsuite hostname="LAPTOP-KHONK8Q1" failures="0" tests="1" name="Amazon.Project_On_Amazon.Amz_New_Registration" time="12.502" errors="0" timestamp="2024-03-05T15:10:17 IST" skipped="0">
  <testcase classname="Amazon.Project_On_Amazon.Amz_New_Registration" name="new_user" time="12.502"/>
  <system-out/>
</testsuite> <!-- Amazon.Project_On_Amazon.Amz_New_Registration -->
