<?xml version="1.0" encoding="UTF-8"?>
<!-- Generated by org.testng.reporters.JUnitReportReporter -->
<testsuite hostname="LAPTOP-KHONK8Q1" failures="0" tests="1" name="Amazon.Project_On_Amazon.Amz_Search_for_Product" time="42.888" errors="0" timestamp="2024-03-07T10:26:59 IST" skipped="0">
  <testcase classname="Amazon.Project_On_Amazon.Amz_Search_for_Product" name="search" time="42.888"/>
  <system-out/>
</testsuite> <!-- Amazon.Project_On_Amazon.Amz_Search_for_Product -->
