<?xml version="1.0" encoding="UTF-8"?>
<!-- Generated by org.testng.reporters.JUnitReportReporter -->
<testsuite hostname="LAPTOP-KHONK8Q1" failures="0" tests="1" name="Amazon.Project_On_Amazon.Amz_Add_Product_To_Cart" time="48.901" errors="0" timestamp="2024-03-09T13:19:15 IST" skipped="0">
  <testcase classname="Amazon.Project_On_Amazon.Amz_Add_Product_To_Cart" name="add_product_into_cart" time="48.901"/>
  <system-out/>
</testsuite> <!-- Amazon.Project_On_Amazon.Amz_Add_Product_To_Cart -->
