<?xml version="1.0" encoding="UTF-8"?>
<!-- Generated by org.testng.reporters.JUnitReportReporter -->
<testsuite hostname="LAPTOP-KHONK8Q1" failures="0" tests="1" name="Amazon.Project_On_Amazon.Select_Product_With_Out_Login" time="43.606" errors="0" timestamp="2024-03-14T18:11:34 IST" skipped="0">
  <testcase classname="Amazon.Project_On_Amazon.Select_Product_With_Out_Login" name="select_with_out_login" time="43.606"/>
  <system-out>
    <![CDATA[Test case is started
Test case is success]]>
  </system-out>
</testsuite> <!-- Amazon.Project_On_Amazon.Select_Product_With_Out_Login -->
