<?xml version="1.0" encoding="UTF-8"?>
<!-- Generated by org.testng.reporters.JUnitReportReporter -->
<testsuite hostname="LAPTOP-KHONK8Q1" failures="0" tests="1" name="Amazon.Project_On_Amazon.Tc5_Amz_Search_for_Product" time="14.409" errors="0" timestamp="2024-03-24T13:58:57 IST" skipped="0">
  <testcase classname="Amazon.Project_On_Amazon.Tc5_Amz_Search_for_Product" name="search" time="14.409"/>
  <system-out>
    <![CDATA[Test case is started
Entered a Valid User name and Password
clicked on countinue button
Entered a valid Password
click on the sign-in button
User successfully entering any product names
Test case is success]]>
  </system-out>
</testsuite> <!-- Amazon.Project_On_Amazon.Tc5_Amz_Search_for_Product -->
