<?xml version="1.0" encoding="UTF-8"?>
<!-- Generated by org.testng.reporters.JUnitReportReporter -->
<testsuite hostname="LAPTOP-KHONK8Q1" failures="0" tests="1" name="Amazon.Project_On_Amazon.Tc10_Amz_Delete_Product_From_Cart_Page" time="74.848" errors="0" timestamp="2024-04-14T20:32:59 IST" skipped="0">
  <testcase classname="Amazon.Project_On_Amazon.Tc10_Amz_Delete_Product_From_Cart_Page" name="tc10_Amz_Delete_Product_From_Cart_Page_delete_product" time="74.848"/>
  <system-out>
    <![CDATA[Test case is started
Entered a Valid User name and Password
clicked on countinue button
Entered a valid Password
click on the sign-in button
User successfully entering any product names
Successfully filtering the given Product 
We are selecting a filter product and going into child window
We are adding extra items which is related to the product
we can see prodcut details or prodcut description 
We are adding extra iteam which is related to the Product 
deleted one item
We are going back from child window to parent window
Test case is success]]>
  </system-out>
</testsuite> <!-- Amazon.Project_On_Amazon.Tc10_Amz_Delete_Product_From_Cart_Page -->
