<?xml version="1.0" encoding="UTF-8"?>
<!-- Generated by org.testng.reporters.JUnitReportReporter -->
<testsuite hostname="LAPTOP-KHONK8Q1" failures="0" tests="1" name="Amazon.Project_On_Amazon.Amz_Filter_The_Product" time="29.271" errors="0" timestamp="2024-03-10T14:27:32 IST" skipped="0">
  <testcase classname="Amazon.Project_On_Amazon.Amz_Filter_The_Product" name="filer_the_product" time="29.271"/>
  <system-out/>
</testsuite> <!-- Amazon.Project_On_Amazon.Amz_Filter_The_Product -->
