<?xml version="1.0" encoding="UTF-8"?>
<!-- Generated by org.testng.reporters.JUnitReportReporter -->
<testsuite hostname="LAPTOP-KHONK8Q1" failures="0" tests="1" name="Amazon.Project_On_Amazon.Amz_Verify_Valid_Credential" time="41.104" errors="0" timestamp="2024-03-13T19:52:20 IST" skipped="0">
  <testcase classname="Amazon.Project_On_Amazon.Amz_Verify_Valid_Credential" name="vaild_username_and_password" time="41.104"/>
  <system-out>
    <![CDATA[Test case is started
Test case is success]]>
  </system-out>
</testsuite> <!-- Amazon.Project_On_Amazon.Amz_Verify_Valid_Credential -->
