<?xml version="1.0" encoding="UTF-8"?>
<!-- Generated by org.testng.reporters.JUnitReportReporter -->
<testsuite hostname="LAPTOP-KHONK8Q1" failures="0" tests="1" name="Amazon.Project_On_Amazon.Amz_Delete_Product_From_Cart_Page" time="55.479" errors="0" timestamp="2024-03-09T13:57:07 IST" skipped="0">
  <testcase classname="Amazon.Project_On_Amazon.Amz_Delete_Product_From_Cart_Page" name="delete_product" time="55.479"/>
  <system-out>
    <![CDATA[deleted one item]]>
  </system-out>
</testsuite> <!-- Amazon.Project_On_Amazon.Amz_Delete_Product_From_Cart_Page -->
