<?xml version="1.0" encoding="UTF-8"?>
<!-- Generated by org.testng.reporters.JUnitReportReporter -->
<testsuite hostname="LAPTOP-KHONK8Q1" failures="0" tests="1" name="Amazon.Project_On_Amazon.Amz_Select_Any_Product" time="35.052" errors="0" timestamp="2024-03-10T22:41:09 IST" skipped="0">
  <testcase classname="Amazon.Project_On_Amazon.Amz_Select_Any_Product" name="select_product" time="35.052"/>
  <system-out>
    <![CDATA[Test case is started
Test case is success]]>
  </system-out>
</testsuite> <!-- Amazon.Project_On_Amazon.Amz_Select_Any_Product -->
