<?xml version="1.0" encoding="UTF-8"?>
<!-- Generated by org.testng.reporters.JUnitReportReporter -->
<testsuite hostname="LAPTOP-KHONK8Q1" failures="0" tests="1" name="Amazon.Project_On_Amazon.Amz_Verify_Updating_User_Profile" time="44.436" errors="0" timestamp="2024-03-06T14:21:31 IST" skipped="0">
  <testcase classname="Amazon.Project_On_Amazon.Amz_Verify_Updating_User_Profile" name="updating_user_profile" time="44.436"/>
  <system-out/>
</testsuite> <!-- Amazon.Project_On_Amazon.Amz_Verify_Updating_User_Profile -->
